<?xml version="1.0" encoding="UTF-8"?>
<!-- Generated by org.testng.reporters.JUnitReportReporter -->
<testsuite hostname="LAPTOP-VHAM605V" name="com.TestRunner.Runner" tests="1" failures="0" timestamp="22 Dec 2021 12:44:54 GMT" time="4.587" errors="0">
  <testcase name="testexecution" time="4.587" classname="com.TestRunner.Runner"/>
</testsuite> <!-- com.TestRunner.Runner -->
